<?xml version="1.0" encoding="UTF-8"?>
<testng-results ignored="0" total="0" passed="0" failed="0" skipped="0">
  <reporter-output>
  </reporter-output>
  <suite started-at="2024-03-30T18:22:54 IST" name="gluecode.Test1" finished-at="2024-03-30T18:22:54 IST" duration-ms="32">
    <groups>
    </groups>
    <test started-at="2024-03-30T18:22:54 IST" name="Command line test" finished-at="2024-03-30T18:22:54 IST" duration-ms="32">
    </test> <!-- Command line test -->
  </suite> <!-- gluecode.Test1 -->
</testng-results>
