<?xml version="1.0" encoding="UTF-8"?>
<testng-results ignored="0" total="1" passed="1" failed="0" skipped="0">
  <reporter-output>
    <line>
      <![CDATA[Status code test passed]]>
    </line>
  </reporter-output>
  <suite started-at="2024-03-30T18:18:15 IST" name="Suite" finished-at="2024-03-30T18:18:19 IST" duration-ms="4745">
    <groups>
      <group name="cucumber">
        <method signature="AbstractTestNGCucumberTests.runScenario(io.cucumber.testng.PickleWrapper,io.cucumber.testng.FeatureWrapper)[pri:0, instance:tests.Runner@6b695b06]" name="runScenario" class="io.cucumber.testng.AbstractTestNGCucumberTests"/>
      </group> <!-- cucumber -->
    </groups>
    <test started-at="2024-03-30T18:18:15 IST" name="Test" finished-at="2024-03-30T18:18:19 IST" duration-ms="4745">
      <class name="tests.Runner">
        <test-method is-config="true" signature="setUpClass(org.testng.ITestContext)[pri:0, instance:tests.Runner@6b695b06]" started-at="2024-03-30T18:18:15 IST" name="setUpClass" finished-at="2024-03-30T18:18:15 IST" duration-ms="624" status="PASS">
          <params>
            <param index="0">
              <value>
                <![CDATA[org.testng.TestRunner@6af310c7]]>
              </value>
            </param>
          </params>
          <reporter-output>
          </reporter-output>
        </test-method> <!-- setUpClass -->
        <test-method signature="runScenario(io.cucumber.testng.PickleWrapper,io.cucumber.testng.FeatureWrapper)[pri:0, instance:tests.Runner@6b695b06]" started-at="2024-03-30T18:18:15 IST" name="runScenario" description="Runs Cucumber Scenarios" data-provider="scenarios" finished-at="2024-03-30T18:18:19 IST" duration-ms="4007" status="PASS">
          <params>
            <param index="0">
              <value>
                <![CDATA["featch all countries details"]]>
              </value>
            </param>
            <param index="1">
              <value>
                <![CDATA["get all countries deatils"]]>
              </value>
            </param>
          </params>
          <reporter-output>
            <line>
              <![CDATA[Status code test passed]]>
            </line>
          </reporter-output>
        </test-method> <!-- runScenario -->
        <test-method is-config="true" signature="tearDownClass()[pri:0, instance:tests.Runner@6b695b06]" started-at="2024-03-30T18:18:19 IST" name="tearDownClass" finished-at="2024-03-30T18:18:19 IST" duration-ms="47" status="PASS">
          <reporter-output>
          </reporter-output>
        </test-method> <!-- tearDownClass -->
      </class> <!-- tests.Runner -->
    </test> <!-- Test -->
  </suite> <!-- Suite -->
</testng-results>
